<?xml version="1.0" encoding="UTF-8"?>
<!-- Generated by org.testng.reporters.JUnitReportReporter -->
<testsuite hostname="MaiVT-PC" name="selenium.Topic_01_CheckEnvironment" tests="1" failures="0" timestamp="5 Jun 2019 08:09:59 GMT" time="13.137" errors="0">
  <testcase name="TC07_EditTable" time="13.137" classname="selenium.Topic_01_CheckEnvironment"/>
</testsuite> <!-- selenium.Topic_01_CheckEnvironment -->
